<?xml version="1.0" encoding="UTF-8"?>
<testng-results skipped="0" failed="0" ignored="0" total="1" passed="1">
  <reporter-output>
  </reporter-output>
  <suite name="Suite" duration-ms="14955" started-at="2020-10-02T09:44:48Z" finished-at="2020-10-02T09:45:03Z">
    <groups>
    </groups>
    <test name="Test" duration-ms="14955" started-at="2020-10-02T09:44:48Z" finished-at="2020-10-02T09:45:03Z">
      <class name="SpiceJet_UI_Validation.Test_SpiceJet_FrontPage">
        <test-method status="PASS" signature="openBrowser()[pri:0, instance:SpiceJet_UI_Validation.Test_SpiceJet_FrontPage@101df177]" name="openBrowser" duration-ms="14914" started-at="2020-10-02T09:44:48Z" finished-at="2020-10-02T09:45:03Z">
          <reporter-output>
          </reporter-output>
        </test-method> <!-- openBrowser -->
      </class> <!-- SpiceJet_UI_Validation.Test_SpiceJet_FrontPage -->
    </test> <!-- Test -->
  </suite> <!-- Suite -->
</testng-results>
