<?xml version="1.0" encoding="UTF-8"?>
<testng-results skipped="0" failed="0" ignored="0" total="1" passed="1">
  <reporter-output>
  </reporter-output>
  <suite name="Default suite" duration-ms="34488" started-at="2020-10-01T10:36:07Z" finished-at="2020-10-01T10:36:41Z">
    <groups>
    </groups>
    <test name="Default test" duration-ms="34488" started-at="2020-10-01T10:36:07Z" finished-at="2020-10-01T10:36:41Z">
      <class name="SpiceJet_UI_Validation.Test_SpiceJet_FrontPage">
        <test-method status="PASS" signature="openBrowser()[pri:0, instance:SpiceJet_UI_Validation.Test_SpiceJet_FrontPage@75c072cb]" name="openBrowser" duration-ms="34416" started-at="2020-10-01T10:36:07Z" finished-at="2020-10-01T10:36:41Z">
          <reporter-output>
          </reporter-output>
        </test-method> <!-- openBrowser -->
      </class> <!-- SpiceJet_UI_Validation.Test_SpiceJet_FrontPage -->
    </test> <!-- Default test -->
  </suite> <!-- Default suite -->
</testng-results>
